start/build/intermediates/manifest_merge_blame_file/debug/manifest-merger-blame-debug-report.txt
1<?xml version="1.0" encoding="utf-8"?>
2<!--
3  ~ Copyright (C) 2020 The Android Open Source Project
4  ~
5  ~ Licensed under the Apache License, Version 2.0 (the "License");
6  ~ you may not use this file except in compliance with the License.
7  ~ You may obtain a copy of the License at
8  ~
9  ~      http://www.apache.org/licenses/LICENSE-2.0
10  ~
11  ~ Unless required by applicable law or agreed to in writing, software
12  ~ distributed under the License is distributed on an "AS IS" BASIS,
13  ~ WITHOUT WARRANTIES OR CONDITIONS OF ANY KIND, either express or implied.
14  ~ See the License for the specific language governing permissions and
15  ~ limitations under the License.
16-->
17<manifest xmlns:android="http://schemas.android.com/apk/res/android"
18    package="org.tensorflow.lite.examples.classification"
19    android:versionCode="1"
20    android:versionName="1.0" >
21
22    <uses-sdk
23        android:minSdkVersion="21"
23-->src\main\AndroidManifest.xml
24        android:targetSdkVersion="29" />
24-->src\main\AndroidManifest.xml
25
26    <!--
27    Make sure the device has a camera. If you use android.hardware.camera without .any,
28    it will not work if you have a device without a back camera, such as most Chromebooks.
29    -->
30    <uses-feature android:name="android.hardware.camera.any" />
30-->src\main\AndroidManifest.xml:24:5-64
30-->src\main\AndroidManifest.xml:24:19-61
31
32    <!-- Specifying that the app will need camera permission -->
33    <uses-permission android:name="android.permission.CAMERA" />
33-->src\main\AndroidManifest.xml:27:5-65
33-->src\main\AndroidManifest.xml:27:22-62
34
35    <application
35-->src\main\AndroidManifest.xml:29:5-44:19
36        android:allowBackup="true"
36-->src\main\AndroidManifest.xml:30:9-35
37        android:appComponentFactory="androidx.core.app.CoreComponentFactory"
37-->[androidx.core:core:1.3.2] AndroidManifest.xml:24:18-86
38        android:debuggable="true"
39        android:icon="@mipmap/ic_launcher"
39-->src\main\AndroidManifest.xml:31:9-43
40        android:label="@string/app_name"
40-->src\main\AndroidManifest.xml:32:9-41
41        android:roundIcon="@mipmap/ic_launcher_round"
41-->src\main\AndroidManifest.xml:33:9-54
42        android:supportsRtl="true"
42-->src\main\AndroidManifest.xml:34:9-35
43        android:testOnly="true"
44        android:theme="@style/Theme.TFLClassify" >
44-->src\main\AndroidManifest.xml:35:9-49
45        <activity android:name="org.tensorflow.lite.examples.classification.MainActivity" >
45-->src\main\AndroidManifest.xml:37:9-43:20
45-->src\main\AndroidManifest.xml:37:19-47
46            <intent-filter>
46-->src\main\AndroidManifest.xml:38:13-42:29
47                <action android:name="android.intent.action.MAIN" />
47-->src\main\AndroidManifest.xml:39:17-69
47-->src\main\AndroidManifest.xml:39:25-66
48
49                <category android:name="android.intent.category.LAUNCHER" />
49-->src\main\AndroidManifest.xml:41:17-77
49-->src\main\AndroidManifest.xml:41:27-74
50            </intent-filter>
51        </activity>
52
53        <provider
53-->[androidx.lifecycle:lifecycle-process:2.2.0] AndroidManifest.xml:25:9-29:43
54            android:name="androidx.lifecycle.ProcessLifecycleOwnerInitializer"
54-->[androidx.lifecycle:lifecycle-process:2.2.0] AndroidManifest.xml:26:13-79
55            android:authorities="org.tensorflow.lite.examples.classification.lifecycle-process"
55-->[androidx.lifecycle:lifecycle-process:2.2.0] AndroidManifest.xml:27:13-69
56            android:exported="false"
56-->[androidx.lifecycle:lifecycle-process:2.2.0] AndroidManifest.xml:28:13-37
57            android:multiprocess="true" />
57-->[androidx.lifecycle:lifecycle-process:2.2.0] AndroidManifest.xml:29:13-40
58    </application>
59
60</manifest>